[2023-03-28 20:00:50.336648][0x00001558][info] start evaluate for evaluate.ini strategy_10w.xml trading_days.xml
[2023-03-28 20:00:50.339639][0x00001558][info] contract_parser init 
[2023-03-28 20:00:50.340640][0x00001558][info] load contract code : SHFE.rb2210 
[2023-03-28 20:00:50.340640][0x00001558][info] load contract code : SHFE.rb2301 
[2023-03-28 20:00:50.340640][0x00001558][info] load contract code : SHFE.rb2302 
[2023-03-28 20:00:50.340640][0x00001558][info] load contract code : SHFE.rb2303 
[2023-03-28 20:00:50.340640][0x00001558][info] load contract code : SHFE.rb2305 
[2023-03-28 20:00:50.340640][0x00001558][info] load contract code : SHFE.rb2306 
[2023-03-28 20:00:50.341640][0x00001558][info] load contract code : SHFE.ag2212 
[2023-03-28 20:00:50.341640][0x00001558][info] load contract code : SHFE.ag2301 
[2023-03-28 20:00:50.341640][0x00001558][info] load contract code : SHFE.ag2306 
[2023-03-28 20:00:50.348642][0x00001558][info] make_strategys : 1 1 code=SHFE.rb2210&open_once=1&open_delta=0.0028&yestoday_multiple=3&yestoday_threshold=8&yestoday_growth=1.9&random_offset=2
[2023-03-28 20:00:50.883263][0x00008bf0][info] cross day 20220801
[2023-03-28 20:00:50.884263][0x00008bf0][info] trading_section init 20220801 2022-07-29 21:00:02
[2023-03-28 20:00:50.884263][0x00008bf0][info] submit_settlement
[2023-03-28 20:00:50.885264][0x00008bf0][info] trading ready
[2023-03-28 20:00:50.885264][0x00008bf0][info] open_to_close_chain place_order DT_SHORT rb2210 0 0 1
[2023-03-28 20:00:50.885264][0x00008bf0][info] open_to_close_chain place_order DT_LONG rb2210 0 0 1
[2023-03-28 20:00:50.899279][0x00008bf0][info] emg_1_strategy on_entrust : 7125778544281518081 rb2210 49 48 4027.000000 1/1
[2023-03-28 20:00:50.900279][0x00008bf0][info] emg_1_strategy on_entrust : 7125778544281518082 rb2210 48 48 4000.000000 1/1
[2023-03-28 20:00:51.398902][0x00008bf0][info] emg_1_strategy on_trade : 7125778544281518081 rb2210 49 48 4027.000000 1
[2023-03-28 20:00:51.398902][0x00008bf0][info] emg_1_strategy on_cancel : 7125778544281518082 rb2210 48 48 4000.000000 1
[2023-03-28 20:00:51.399893][0x00008bf0][info] open_to_close_chain place_order DT_SHORT rb2210 0 0 1
[2023-03-28 20:00:51.399893][0x00008bf0][info] open_to_close_chain place_order DT_LONG rb2210 1 0 1
[2023-03-28 20:00:51.414897][0x00008bf0][info] emg_1_strategy on_entrust : 7125779068267528195 rb2210 49 48 4041.000000 1/1
[2023-03-28 20:00:51.414897][0x00008bf0][info] emg_1_strategy on_entrust : 7125779068267528196 rb2210 49 49 4014.000000 1/1
[2023-03-28 20:00:52.987527][0x00008bf0][info] emg_1_strategy on_trade : 7125779068267528195 rb2210 49 48 4041.000000 1
[2023-03-28 20:00:53.002561][0x00008bf0][info] emg_1_strategy on_cancel : 7125779068267528196 rb2210 49 49 4014.000000 1
[2023-03-28 20:00:53.002561][0x00008bf0][info] open_to_close_chain place_order DT_SHORT rb2210 0 0 1
[2023-03-28 20:00:53.004234][0x00008bf0][info] open_to_close_chain place_order DT_LONG rb2210 2 0 1
[2023-03-28 20:00:53.006235][0x00008bf0][info] emg_1_strategy on_entrust : 7125780889366429701 rb2210 49 48 4052.000000 1/1
[2023-03-28 20:00:53.007236][0x00008bf0][info] emg_1_strategy on_entrust : 7125780889366429702 rb2210 49 49 4027.000000 1/1
[2023-03-28 20:00:54.425763][0x00008bf0][info] emg_1_strategy on_trade : 7125780889366429701 rb2210 49 48 4052.000000 1
[2023-03-28 20:00:54.440767][0x00008bf0][info] emg_1_strategy on_cancel : 7125780889366429702 rb2210 49 49 4027.000000 1
[2023-03-28 20:00:54.440767][0x00008bf0][info] open_to_close_chain place_order DT_SHORT rb2210 0 0 1
[2023-03-28 20:00:54.442769][0x00008bf0][info] open_to_close_chain place_order DT_LONG rb2210 3 0 1
[2023-03-28 20:00:54.443778][0x00008bf0][info] emg_1_strategy on_entrust : 7125782534338904071 rb2210 49 48 4065.000000 1/1
[2023-03-28 20:00:54.443778][0x00008bf0][info] emg_1_strategy on_entrust : 7125782534338904072 rb2210 49 49 4038.000000 1/1
[2023-03-28 20:00:56.590479][0x00008bf0][info] emg_1_strategy on_trade : 7125782534338904072 rb2210 49 49 4038.000000 1
[2023-03-28 20:00:56.606483][0x00008bf0][info] emg_1_strategy on_cancel : 7125782534338904071 rb2210 49 48 4065.000000 1
[2023-03-28 20:00:56.606483][0x00008bf0][info] open_to_close_chain place_order DT_SHORT rb2210 0 0 1
[2023-03-28 20:00:56.607486][0x00008bf0][info] open_to_close_chain place_order DT_LONG rb2210 2 0 1
[2023-03-28 20:00:56.608485][0x00008bf0][info] emg_1_strategy on_entrust : 7125784913750786057 rb2210 49 48 4050.000000 1/1
[2023-03-28 20:00:56.609486][0x00008bf0][info] emg_1_strategy on_entrust : 7125784913750786058 rb2210 49 49 4026.000000 1/1
[2023-03-28 20:00:59.527362][0x00008bf0][info] emg_1_strategy on_trade : 7125784913750786058 rb2210 49 49 4026.000000 1
[2023-03-28 20:00:59.543365][0x00008bf0][info] emg_1_strategy on_cancel : 7125784913750786057 rb2210 49 48 4050.000000 1
[2023-03-28 20:00:59.543365][0x00008bf0][info] open_to_close_chain place_order DT_SHORT rb2210 0 0 1
[2023-03-28 20:00:59.544352][0x00008bf0][info] open_to_close_chain place_order DT_LONG rb2210 1 0 1
[2023-03-28 20:00:59.558369][0x00008bf0][info] emg_1_strategy on_entrust : 7125788049076912139 rb2210 49 48 4038.000000 1/1
[2023-03-28 20:00:59.559368][0x00008bf0][info] emg_1_strategy on_entrust : 7125788049076912140 rb2210 49 49 4012.000000 1/1
[2023-03-28 20:01:01.078783][0x00008bf0][info] emg_1_strategy on_trade : 7125788049076912139 rb2210 49 48 4038.000000 1
[2023-03-28 20:01:01.094599][0x00008bf0][info] emg_1_strategy on_cancel : 7125788049076912140 rb2210 49 49 4012.000000 1
[2023-03-28 20:01:01.094599][0x00008bf0][info] open_to_close_chain place_order DT_SHORT rb2210 0 0 1
[2023-03-28 20:01:01.095598][0x00008bf0][info] open_to_close_chain place_order DT_LONG rb2210 2 0 1
[2023-03-28 20:01:01.096599][0x00008bf0][info] emg_1_strategy on_entrust : 7125789938862522381 rb2210 49 48 4048.000000 1/1
[2023-03-28 20:01:01.097599][0x00008bf0][info] emg_1_strategy on_entrust : 7125789938862522382 rb2210 49 49 4025.000000 1/1
[2023-03-28 20:01:03.980697][0x00008bf0][info] emg_1_strategy on_trade : 7125789938862522381 rb2210 49 48 4048.000000 1
[2023-03-28 20:01:03.996739][0x00008bf0][info] emg_1_strategy on_cancel : 7125789938862522382 rb2210 49 49 4025.000000 1
[2023-03-28 20:01:03.996739][0x00008bf0][info] open_to_close_chain place_order DT_SHORT rb2210 0 0 1
[2023-03-28 20:01:03.997726][0x00008bf0][info] open_to_close_chain place_order DT_LONG rb2210 3 0 1
[2023-03-28 20:01:03.998725][0x00008bf0][info] emg_1_strategy on_entrust : 7125793611026792463 rb2210 49 48 4060.000000 1/1
[2023-03-28 20:01:03.998725][0x00008bf0][info] emg_1_strategy on_entrust : 7125793611026792464 rb2210 49 49 4035.000000 1/1
[2023-03-28 20:01:05.195807][0x00008bf0][info] emg_1_strategy on_trade : 7125793611026792463 rb2210 49 48 4060.000000 1
[2023-03-28 20:01:05.195807][0x00008bf0][info] emg_1_strategy on_cancel : 7125793611026792464 rb2210 49 49 4035.000000 1
[2023-03-28 20:01:05.198794][0x00008bf0][info] open_to_close_chain place_order DT_SHORT rb2210 0 0 1
[2023-03-28 20:01:05.198794][0x00008bf0][info] open_to_close_chain place_order DT_LONG rb2210 4 0 1
[2023-03-28 20:01:05.199795][0x00008bf0][info] emg_1_strategy on_entrust : 7125794998301229073 rb2210 49 48 4071.000000 1/1
[2023-03-28 20:01:05.200795][0x00008bf0][info] emg_1_strategy on_entrust : 7125794998301229074 rb2210 49 49 4047.000000 1/1
[2023-03-28 20:01:05.414550][0x00008bf0][info] emg_1_strategy on_trade : 7125794998301229073 rb2210 49 48 4071.000000 1
[2023-03-28 20:01:05.414550][0x00008bf0][info] emg_1_strategy on_cancel : 7125794998301229074 rb2210 49 49 4047.000000 1
[2023-03-28 20:01:05.416564][0x00008bf0][info] open_to_close_chain place_order DT_SHORT rb2210 0 0 1
[2023-03-28 20:01:05.417550][0x00008bf0][info] open_to_close_chain place_order DT_LONG rb2210 5 0 1
[2023-03-28 20:01:05.417550][0x00008bf0][info] emg_1_strategy on_entrust : 7125795337603645459 rb2210 49 48 4083.000000 1/1
[2023-03-28 20:01:05.418551][0x00008bf0][info] emg_1_strategy on_entrust : 7125795337603645460 rb2210 49 49 4058.000000 1/1
[2023-03-28 20:01:05.852206][0x00008bf0][info] emg_1_strategy on_trade : 7125795337603645460 rb2210 49 49 4058.000000 1
[2023-03-28 20:01:05.867399][0x00008bf0][info] emg_1_strategy on_cancel : 7125795337603645459 rb2210 49 48 4083.000000 1
[2023-03-28 20:01:05.867480][0x00008bf0][info] open_to_close_chain place_order DT_SHORT rb2210 0 0 1
[2023-03-28 20:01:05.868003][0x00008bf0][info] open_to_close_chain place_order DT_LONG rb2210 4 0 1
[2023-03-28 20:01:05.868994][0x00008bf0][info] emg_1_strategy on_entrust : 7125795891654426645 rb2210 49 48 4071.000000 1/1
[2023-03-28 20:01:05.869995][0x00008bf0][info] emg_1_strategy on_entrust : 7125795891654426646 rb2210 49 49 4045.000000 1/1
[2023-03-28 20:01:07.962438][0x00008bf0][info] emg_1_strategy on_trade : 7125795891654426645 rb2210 49 48 4071.000000 1
[2023-03-28 20:01:07.978441][0x00008bf0][info] emg_1_strategy on_cancel : 7125795891654426646 rb2210 49 49 4045.000000 1
[2023-03-28 20:01:08.006419][0x00008bf0][info] open_to_close_chain place_order DT_SHORT rb2210 0 0 1
[2023-03-28 20:01:08.008420][0x00008bf0][info] open_to_close_chain place_order DT_LONG rb2210 5 0 1
[2023-03-28 20:01:08.009420][0x00008bf0][info] emg_1_strategy on_entrust : 7125798348408487959 rb2210 49 48 4085.000000 1/1
[2023-03-28 20:01:08.010420][0x00008bf0][info] emg_1_strategy on_entrust : 7125798348408487960 rb2210 49 49 4059.000000 1/1
[2023-03-28 20:01:09.436568][0x00008bf0][info] emg_1_strategy on_trade : 7125798348408487959 rb2210 49 48 4085.000000 1
[2023-03-28 20:01:09.436568][0x00008bf0][info] emg_1_strategy on_cancel : 7125798348408487960 rb2210 49 49 4059.000000 1
[2023-03-28 20:01:09.439569][0x00008bf0][info] open_to_close_chain place_order DT_SHORT rb2210 0 0 1
[2023-03-28 20:01:09.439569][0x00008bf0][info] open_to_close_chain place_order DT_LONG rb2210 6 0 1
[2023-03-28 20:01:09.440570][0x00008bf0][info] emg_1_strategy on_entrust : 7125800534514073625 rb2210 49 48 4096.000000 1/1
[2023-03-28 20:01:09.441571][0x00008bf0][info] emg_1_strategy on_entrust : 7125800534514073626 rb2210 49 49 4071.000000 1/1
[2023-03-28 20:01:10.332095][0x00008bf0][info] emg_1_strategy on_trade : 7125800534514073625 rb2210 49 48 4096.000000 1
[2023-03-28 20:01:10.347085][0x00008bf0][info] emg_1_strategy on_cancel : 7125800534514073626 rb2210 49 49 4071.000000 1
[2023-03-28 20:01:10.386692][0x00008bf0][info] open_to_close_chain place_order DT_SHORT rb2210 0 0 1
[2023-03-28 20:01:10.453707][0x00008bf0][info] open_to_close_chain place_order DT_LONG rb2210 7 0 1
[2023-03-28 20:01:10.453707][0x00008bf0][info] emg_1_strategy on_entrust : 7125801707072913435 rb2210 49 48 4108.000000 1/1
[2023-03-28 20:01:10.453707][0x00008bf0][info] emg_1_strategy on_entrust : 7125801707072913436 rb2210 49 49 4084.000000 1/1
[2023-03-28 20:01:12.088159][0x00008bf0][info] emg_1_strategy on_trade : 7125801707072913435 rb2210 49 48 4108.000000 1
[2023-03-28 20:01:12.103152][0x00008bf0][info] emg_1_strategy on_cancel : 7125801707072913436 rb2210 49 49 4084.000000 1
[2023-03-28 20:01:12.103152][0x00008bf0][info] open_to_close_chain place_order DT_SHORT rb2210 0 0 1
[2023-03-28 20:01:12.105163][0x00008bf0][info] open_to_close_chain place_order DT_LONG rb2210 8 0 1
[2023-03-28 20:01:12.129158][0x00008bf0][info] emg_1_strategy on_entrust : 7125803528139046941 rb2210 49 48 4121.000000 1/1
[2023-03-28 20:01:12.131169][0x00008bf0][info] emg_1_strategy on_entrust : 7125803528139046942 rb2210 49 49 4095.000000 1/1
[2023-03-28 20:01:14.212984][0x00008bf0][info] emg_1_strategy on_trade : 7125803528139046941 rb2210 49 48 4121.000000 1
[2023-03-28 20:01:14.228061][0x00008bf0][info] emg_1_strategy on_cancel : 7125803528139046942 rb2210 49 49 4095.000000 1
[2023-03-28 20:01:14.229052][0x00008bf0][info] open_to_close_chain place_order DT_SHORT rb2210 0 0 1
[2023-03-28 20:01:14.229052][0x00008bf0][info] open_to_close_chain place_order DT_LONG rb2210 9 0 1
[2023-03-28 20:01:14.244063][0x00008bf0][info] emg_1_strategy on_entrust : 7125806272590381087 rb2210 49 48 4134.000000 1/1
[2023-03-28 20:01:14.245064][0x00008bf0][info] emg_1_strategy on_entrust : 7125806272590381088 rb2210 49 49 4111.000000 1/1
[2023-03-28 20:01:15.006785][0x00008bf0][info] emg_1_strategy on_trade : 7125806272590381088 rb2210 49 49 4111.000000 1
[2023-03-28 20:01:15.021802][0x00008bf0][info] emg_1_strategy on_cancel : 7125806272590381087 rb2210 49 48 4134.000000 1
[2023-03-28 20:01:15.021802][0x00008bf0][info] open_to_close_chain place_order DT_SHORT rb2210 0 0 1
[2023-03-28 20:01:15.023802][0x00008bf0][info] open_to_close_chain place_order DT_LONG rb2210 8 0 1
[2023-03-28 20:01:15.024789][0x00008bf0][info] emg_1_strategy on_entrust : 7125807191713382433 rb2210 49 48 4123.000000 1/1
[2023-03-28 20:01:15.025803][0x00008bf0][info] emg_1_strategy on_entrust : 7125807191713382434 rb2210 49 49 4097.000000 1/1
[2023-03-28 20:01:15.287091][0x00008bf0][info] emg_1_strategy on_trade : 7125807191713382434 rb2210 49 49 4097.000000 1
[2023-03-28 20:01:15.303085][0x00008bf0][info] emg_1_strategy on_cancel : 7125807191713382433 rb2210 49 48 4123.000000 1
[2023-03-28 20:01:15.303085][0x00008bf0][info] open_to_close_chain place_order DT_SHORT rb2210 0 0 1
[2023-03-28 20:01:15.306086][0x00008bf0][info] open_to_close_chain place_order DT_LONG rb2210 7 0 1
[2023-03-28 20:01:15.307087][0x00008bf0][info] emg_1_strategy on_entrust : 7125807500983795747 rb2210 49 48 4108.000000 1/1
[2023-03-28 20:01:15.309087][0x00008bf0][info] emg_1_strategy on_entrust : 7125807500983795748 rb2210 49 49 4084.000000 1/1
[2023-03-28 20:01:16.859486][0x00008bf0][info] emg_1_strategy on_trade : 7125807500983795747 rb2210 49 48 4108.000000 1
[2023-03-28 20:01:16.875488][0x00008bf0][info] emg_1_strategy on_cancel : 7125807500983795748 rb2210 49 49 4084.000000 1
[2023-03-28 20:01:16.875488][0x00008bf0][info] open_to_close_chain place_order DT_SHORT rb2210 0 0 1
[2023-03-28 20:01:16.876475][0x00008bf0][info] open_to_close_chain place_order DT_LONG rb2210 8 0 1
[2023-03-28 20:01:16.877475][0x00008bf0][info] emg_1_strategy on_entrust : 7126706257217454117 rb2210 49 48 4142.000000 1/1
[2023-03-28 20:01:16.878476][0x00008bf0][info] emg_1_strategy on_entrust : 7126706257217454118 rb2210 49 49 4115.000000 1/1
[2023-03-28 20:01:16.891491][0x00008bf0][info] emg_1_strategy on_trade : 7126706257217454118 rb2210 49 49 4115.000000 1
[2023-03-28 20:01:16.892479][0x00008bf0][info] emg_1_strategy on_cancel : 7126706257217454117 rb2210 49 48 4142.000000 1
[2023-03-28 20:01:16.893492][0x00008bf0][info] open_to_close_chain place_order DT_SHORT rb2210 0 0 1
[2023-03-28 20:01:16.893492][0x00008bf0][info] open_to_close_chain place_order DT_LONG rb2210 7 0 1
[2023-03-28 20:01:16.894480][0x00008bf0][info] emg_1_strategy on_entrust : 7126706321674731559 rb2210 49 48 4127.000000 1/1
[2023-03-28 20:01:16.895480][0x00008bf0][info] emg_1_strategy on_entrust : 7126706321674731560 rb2210 49 49 4102.000000 1/1
[2023-03-28 20:01:17.934582][0x00008bf0][info] emg_1_strategy on_trade : 7126706321674731560 rb2210 49 49 4102.000000 1
[2023-03-28 20:01:17.950347][0x00008bf0][info] emg_1_strategy on_cancel : 7126706321674731559 rb2210 49 48 4127.000000 1
[2023-03-28 20:01:17.950347][0x00008bf0][info] open_to_close_chain place_order DT_SHORT rb2210 0 0 1
[2023-03-28 20:01:17.951334][0x00008bf0][info] open_to_close_chain place_order DT_LONG rb2210 6 0 1
[2023-03-28 20:01:17.951334][0x00008bf0][info] emg_1_strategy on_entrust : 7126707678851629097 rb2210 49 48 4113.000000 1/1
[2023-03-28 20:01:17.952334][0x00008bf0][info] emg_1_strategy on_entrust : 7126707678851629098 rb2210 49 49 4090.000000 1/1
[2023-03-28 20:01:18.138803][0x00008bf0][info] emg_1_strategy on_trade : 7126707678851629098 rb2210 49 49 4090.000000 1
[2023-03-28 20:01:18.138803][0x00008bf0][info] emg_1_strategy on_cancel : 7126707678851629097 rb2210 49 48 4113.000000 1
[2023-03-28 20:01:18.140802][0x00008bf0][info] open_to_close_chain place_order DT_SHORT rb2210 0 0 1
[2023-03-28 20:01:18.141790][0x00008bf0][info] open_to_close_chain place_order DT_LONG rb2210 5 0 1
[2023-03-28 20:01:18.142790][0x00008bf0][info] emg_1_strategy on_entrust : 7126707979532107819 rb2210 49 48 4104.000000 1/1
[2023-03-28 20:01:18.143790][0x00008bf0][info] emg_1_strategy on_entrust : 7126707979532107820 rb2210 49 49 4079.000000 1/1
[2023-03-28 20:01:19.164005][0x00008bf0][info] emg_1_strategy on_trade : 7126707979532107820 rb2210 49 49 4079.000000 1
[2023-03-28 20:01:19.164005][0x00008bf0][info] emg_1_strategy on_cancel : 7126707979532107819 rb2210 49 48 4104.000000 1
[2023-03-28 20:01:19.167818][0x00008bf0][info] open_to_close_chain place_order DT_SHORT rb2210 0 0 1
[2023-03-28 20:01:19.168800][0x00008bf0][info] open_to_close_chain place_order DT_LONG rb2210 4 0 1
[2023-03-28 20:01:19.169802][0x00008bf0][info] emg_1_strategy on_entrust : 7126709439788220461 rb2210 49 48 4094.000000 1/1
[2023-03-28 20:01:19.170801][0x00008bf0][info] emg_1_strategy on_entrust : 7126709439788220462 rb2210 49 49 4069.000000 1/1
[2023-03-28 20:01:23.404406][0x00008bf0][info] emg_1_strategy on_trade : 7126709439788220461 rb2210 49 48 4094.000000 1
[2023-03-28 20:01:23.404406][0x00008bf0][info] emg_1_strategy on_cancel : 7126709439788220462 rb2210 49 49 4069.000000 1
[2023-03-28 20:01:23.405406][0x00008bf0][info] open_to_close_chain place_order DT_SHORT rb2210 0 0 1
[2023-03-28 20:01:23.406406][0x00008bf0][info] open_to_close_chain place_order DT_LONG rb2210 5 0 1
[2023-03-28 20:01:23.420418][0x00008bf0][info] emg_1_strategy on_entrust : 7126714555127037999 rb2210 49 48 4104.000000 1/1
[2023-03-28 20:01:23.422519][0x00008bf0][info] emg_1_strategy on_entrust : 7126714555127038000 rb2210 49 49 4080.000000 1/1
[2023-03-28 20:01:24.076248][0x00008bf0][info] emg_1_strategy on_trade : 7126714555127037999 rb2210 49 48 4104.000000 1
[2023-03-28 20:01:24.091251][0x00008bf0][info] emg_1_strategy on_cancel : 7126714555127038000 rb2210 49 49 4080.000000 1
[2023-03-28 20:01:24.091251][0x00008bf0][info] open_to_close_chain place_order DT_SHORT rb2210 0 0 1
[2023-03-28 20:01:24.093251][0x00008bf0][info] open_to_close_chain place_order DT_LONG rb2210 6 0 1
[2023-03-28 20:01:24.094252][0x00008bf0][info] emg_1_strategy on_entrust : 7126715392612892721 rb2210 49 48 4116.000000 1/1
[2023-03-28 20:01:24.094252][0x00008bf0][info] emg_1_strategy on_entrust : 7126715392612892722 rb2210 49 49 4090.000000 1/1
[2023-03-28 20:01:25.111466][0x00008bf0][info] emg_1_strategy on_trade : 7126715392612892722 rb2210 49 49 4090.000000 1
[2023-03-28 20:01:25.127470][0x00008bf0][info] emg_1_strategy on_cancel : 7126715392612892721 rb2210 49 48 4116.000000 1
[2023-03-28 20:01:25.127470][0x00008bf0][info] open_to_close_chain place_order DT_SHORT rb2210 0 0 1
[2023-03-28 20:01:25.129472][0x00008bf0][info] open_to_close_chain place_order DT_LONG rb2210 5 0 1
[2023-03-28 20:01:25.143487][0x00008bf0][info] emg_1_strategy on_entrust : 7126716775592362035 rb2210 49 48 4102.000000 1/1
[2023-03-28 20:01:25.143487][0x00008bf0][info] emg_1_strategy on_entrust : 7126716775592362036 rb2210 49 49 4076.000000 1/1
[2023-03-28 20:01:27.442881][0x00008bf0][info] emg_1_strategy on_trade : 7126716775592362036 rb2210 49 49 4076.000000 1
[2023-03-28 20:01:27.458575][0x00008bf0][info] emg_1_strategy on_cancel : 7126716775592362035 rb2210 49 48 4102.000000 1
[2023-03-28 20:01:27.458575][0x00008bf0][info] open_to_close_chain place_order DT_SHORT rb2210 0 0 1
[2023-03-28 20:01:27.459576][0x00008bf0][info] open_to_close_chain place_order DT_LONG rb2210 4 0 1
[2023-03-28 20:01:27.460576][0x00008bf0][info] emg_1_strategy on_entrust : 7126719593123676213 rb2210 49 48 4089.000000 1/1
[2023-03-28 20:01:27.462590][0x00008bf0][info] emg_1_strategy on_entrust : 7126719593123676214 rb2210 49 49 4064.000000 1/1
[2023-03-28 20:01:29.319059][0x00008bf0][info] emg_1_strategy on_trade : 7126719593123676213 rb2210 49 48 4089.000000 1
[2023-03-28 20:01:29.335061][0x00008bf0][info] emg_1_strategy on_cancel : 7126719593123676214 rb2210 49 49 4064.000000 1
[2023-03-28 20:01:29.335061][0x00008bf0][info] open_to_close_chain place_order DT_SHORT rb2210 0 0 1
[2023-03-28 20:01:29.336048][0x00008bf0][info] open_to_close_chain place_order DT_LONG rb2210 5 0 1
[2023-03-28 20:01:29.351066][0x00008bf0][info] emg_1_strategy on_entrust : 7126721835063836727 rb2210 49 48 4100.000000 1/1
[2023-03-28 20:01:29.352065][0x00008bf0][info] emg_1_strategy on_entrust : 7126721835063836728 rb2210 49 49 4077.000000 1/1
[2023-03-28 20:01:37.608437][0x00008bf0][info] emg_1_strategy on_trade : 7126721835063836727 rb2210 49 48 4100.000000 1
[2023-03-28 20:01:37.624023][0x00008bf0][info] emg_1_strategy on_cancel : 7126721835063836728 rb2210 49 49 4077.000000 1
[2023-03-28 20:01:37.624023][0x00008bf0][info] open_to_close_chain place_order DT_SHORT rb2210 0 0 1
[2023-03-28 20:01:37.625010][0x00008bf0][info] open_to_close_chain place_order DT_LONG rb2210 6 0 1
[2023-03-28 20:01:37.640027][0x00008bf0][info] emg_1_strategy on_entrust : 7126734883174481977 rb2210 49 48 4112.000000 1/1
[2023-03-28 20:01:37.641013][0x00008bf0][info] emg_1_strategy on_entrust : 7126734883174481978 rb2210 49 49 4086.000000 1/1
[2023-03-28 20:01:38.680205][0x00008bf0][info] emg_1_strategy on_trade : 7126734883174481977 rb2210 49 48 4112.000000 1
[2023-03-28 20:01:38.680205][0x00008bf0][info] emg_1_strategy on_cancel : 7126734883174481978 rb2210 49 49 4086.000000 1
[2023-03-28 20:01:38.683227][0x00008bf0][info] open_to_close_chain place_order DT_SHORT rb2210 0 0 1
[2023-03-28 20:01:38.684213][0x00008bf0][info] open_to_close_chain place_order DT_LONG rb2210 7 0 1
[2023-03-28 20:01:38.685213][0x00008bf0][info] emg_1_strategy on_entrust : 7126735931179270203 rb2210 49 48 4122.000000 1/1
[2023-03-28 20:01:38.686213][0x00008bf0][info] emg_1_strategy on_entrust : 7126735931179270204 rb2210 49 49 4096.000000 1/1
[2023-03-28 20:01:42.945856][0x00008bf0][info] emg_1_strategy on_trade : 7126735931179270204 rb2210 49 49 4096.000000 1
[2023-03-28 20:01:42.961826][0x00008bf0][info] emg_1_strategy on_cancel : 7126735931179270203 rb2210 49 48 4122.000000 1
[2023-03-28 20:01:42.961826][0x00008bf0][info] open_to_close_chain place_order DT_SHORT rb2210 0 0 1
[2023-03-28 20:01:42.963814][0x00008bf0][info] open_to_close_chain place_order DT_LONG rb2210 6 0 1
[2023-03-28 20:01:42.977269][0x00008bf0][info] emg_1_strategy on_entrust : 7126741360017932349 rb2210 49 48 4109.000000 1/1
[2023-03-28 20:01:42.979260][0x00008bf0][info] emg_1_strategy on_entrust : 7126741360017932350 rb2210 49 49 4085.000000 1/1
[2023-03-28 20:01:46.261104][0x00008bf0][info] emg_1_strategy on_trade : 7126741360017932349 rb2210 49 48 4109.000000 1
[2023-03-28 20:01:46.277125][0x00008bf0][info] emg_1_strategy on_cancel : 7126741360017932350 rb2210 49 49 4085.000000 1
[2023-03-28 20:01:46.277125][0x00008bf0][info] open_to_close_chain place_order DT_SHORT rb2210 0 0 1
[2023-03-28 20:01:46.278113][0x00008bf0][info] open_to_close_chain place_order DT_LONG rb2210 7 0 1
[2023-03-28 20:01:46.293146][0x00008bf0][info] emg_1_strategy on_entrust : 7126744714354622527 rb2210 49 48 4120.000000 1/1
[2023-03-28 20:01:46.294134][0x00008bf0][info] emg_1_strategy on_entrust : 7126744714354622528 rb2210 49 49 4095.000000 1/1
[2023-03-28 20:01:47.055550][0x00008bf0][info] emg_1_strategy on_trade : 7126744714354622527 rb2210 49 48 4120.000000 1
[2023-03-28 20:01:47.071572][0x00008bf0][info] emg_1_strategy on_cancel : 7126744714354622528 rb2210 49 49 4095.000000 1
[2023-03-28 20:01:47.072561][0x00008bf0][info] open_to_close_chain place_order DT_SHORT rb2210 0 0 1
[2023-03-28 20:01:47.073202][0x00008bf0][info] open_to_close_chain place_order DT_LONG rb2210 8 0 1
[2023-03-28 20:01:47.087225][0x00008bf0][info] emg_1_strategy on_entrust : 7126776479932743745 rb2210 49 48 4131.000000 1/1
[2023-03-28 20:01:47.087225][0x00008bf0][info] emg_1_strategy on_entrust : 7126776479932743746 rb2210 49 49 4108.000000 1/1
[2023-03-28 20:01:47.698711][0x00008bf0][info] emg_1_strategy on_trade : 7126776479932743746 rb2210 49 49 4108.000000 1
[2023-03-28 20:01:47.714737][0x00008bf0][info] emg_1_strategy on_cancel : 7126776479932743745 rb2210 49 48 4131.000000 1
[2023-03-28 20:01:47.714822][0x00008bf0][info] open_to_close_chain place_order DT_SHORT rb2210 0 0 1
[2023-03-28 20:01:47.715740][0x00008bf0][info] open_to_close_chain place_order DT_LONG rb2210 7 0 1
[2023-03-28 20:01:47.716740][0x00008bf0][info] emg_1_strategy on_entrust : 7126777128472805443 rb2210 49 48 4121.000000 1/1
[2023-03-28 20:01:47.717742][0x00008bf0][info] emg_1_strategy on_entrust : 7126777128472805444 rb2210 49 49 4097.000000 1/1
[2023-03-28 20:01:48.128111][0x00008bf0][info] emg_1_strategy on_trade : 7126777128472805443 rb2210 49 48 4121.000000 1
[2023-03-28 20:01:48.128111][0x00008bf0][info] emg_1_strategy on_cancel : 7126777128472805444 rb2210 49 49 4097.000000 1
[2023-03-28 20:01:48.131111][0x00008bf0][info] open_to_close_chain place_order DT_SHORT rb2210 0 0 1
[2023-03-28 20:01:48.132111][0x00008bf0][info] open_to_close_chain place_order DT_LONG rb2210 8 0 1
[2023-03-28 20:01:48.133112][0x00008bf0][info] emg_1_strategy on_entrust : 7126777648196616261 rb2210 49 48 4136.000000 1/1
[2023-03-28 20:01:48.133112][0x00008bf0][info] emg_1_strategy on_entrust : 7126777648196616262 rb2210 49 49 4113.000000 1/1
[2023-03-28 20:01:52.439219][0x00008bf0][info] emg_1_strategy on_trade : 7126777648196616262 rb2210 49 49 4113.000000 1
[2023-03-28 20:01:52.454221][0x00008bf0][info] emg_1_strategy on_cancel : 7126777648196616261 rb2210 49 48 4136.000000 1
[2023-03-28 20:01:52.455336][0x00008bf0][info] open_to_close_chain place_order DT_SHORT rb2210 0 0 1
[2023-03-28 20:01:52.455336][0x00008bf0][info] open_to_close_chain place_order DT_LONG rb2210 7 0 1
[2023-03-28 20:01:52.463323][0x00008bf0][info] emg_1_strategy on_entrust : 7126782853664211015 rb2210 49 48 4127.000000 1/1
[2023-03-28 20:01:52.477378][0x00008bf0][info] emg_1_strategy on_entrust : 7126782853664211016 rb2210 49 49 4101.000000 1/1
[2023-03-28 20:01:53.453949][0x00008bf0][info] emg_1_strategy on_trade : 7126782853664211016 rb2210 49 49 4101.000000 1
[2023-03-28 20:01:53.453949][0x00008bf0][info] emg_1_strategy on_cancel : 7126782853664211015 rb2210 49 48 4127.000000 1
[2023-03-28 20:01:53.455938][0x00008bf0][info] open_to_close_chain place_order DT_SHORT rb2210 0 0 1
[2023-03-28 20:01:53.456938][0x00008bf0][info] open_to_close_chain place_order DT_LONG rb2210 6 0 1
[2023-03-28 20:01:53.469953][0x00008bf0][info] emg_1_strategy on_entrust : 7126783880161394761 rb2210 49 48 4109.000000 1/1
[2023-03-28 20:01:53.469953][0x00008bf0][info] emg_1_strategy on_entrust : 7126783880161394762 rb2210 49 49 4085.000000 1/1
[2023-03-28 20:01:57.234763][0x00008bf0][info] emg_1_strategy on_trade : 7126783880161394762 rb2210 49 49 4085.000000 1
[2023-03-28 20:01:57.249784][0x00008bf0][info] emg_1_strategy on_cancel : 7126783880161394761 rb2210 49 48 4109.000000 1
[2023-03-28 20:01:57.249784][0x00008bf0][info] open_to_close_chain place_order DT_SHORT rb2210 0 0 1
[2023-03-28 20:01:57.250772][0x00008bf0][info] open_to_close_chain place_order DT_LONG rb2210 5 0 1
[2023-03-28 20:01:57.251772][0x00008bf0][info] emg_1_strategy on_entrust : 7126787908873486411 rb2210 49 48 4097.000000 1/1
[2023-03-28 20:01:57.252773][0x00008bf0][info] emg_1_strategy on_entrust : 7126787908873486412 rb2210 49 49 4072.000000 1/1
[2023-03-28 20:02:01.214180][0x00008bf0][info] emg_1_strategy on_trade : 7126787908873486411 rb2210 49 48 4097.000000 1
[2023-03-28 20:02:01.230141][0x00008bf0][info] emg_1_strategy on_cancel : 7126787908873486412 rb2210 49 49 4072.000000 1
[2023-03-28 20:02:01.230141][0x00008bf0][info] open_to_close_chain place_order DT_SHORT rb2210 0 0 1
[2023-03-28 20:02:01.231129][0x00008bf0][info] open_to_close_chain place_order DT_LONG rb2210 6 0 1
[2023-03-28 20:02:01.245145][0x00008bf0][info] emg_1_strategy on_entrust : 7126792457243852877 rb2210 49 48 4110.000000 1/1
[2023-03-28 20:02:01.246134][0x00008bf0][info] emg_1_strategy on_entrust : 7126792457243852878 rb2210 49 49 4083.000000 1/1
[2023-03-28 20:02:03.462502][0x00008bf0][info] emg_1_strategy on_trade : 7126792457243852877 rb2210 49 48 4110.000000 1
[2023-03-28 20:02:03.477412][0x00008bf0][info] emg_1_strategy on_cancel : 7126792457243852878 rb2210 49 49 4083.000000 1
[2023-03-28 20:02:03.477412][0x00008bf0][info] open_to_close_chain place_order DT_SHORT rb2210 0 0 1
[2023-03-28 20:02:03.478412][0x00008bf0][info] open_to_close_chain place_order DT_LONG rb2210 7 0 1
[2023-03-28 20:02:03.493553][0x00008bf0][info] emg_1_strategy on_entrust : 7126795279004598351 rb2210 49 48 4123.000000 1/1
[2023-03-28 20:02:03.495557][0x00008bf0][info] emg_1_strategy on_entrust : 7126795279004598352 rb2210 49 49 4098.000000 1/1
[2023-03-28 20:02:05.299730][0x00008bf0][info] emg_1_strategy on_trade : 7126795279004598352 rb2210 49 49 4098.000000 1
[2023-03-28 20:02:05.314758][0x00008bf0][info] emg_1_strategy on_cancel : 7126795279004598351 rb2210 49 48 4123.000000 1
[2023-03-28 20:02:05.315276][0x00008bf0][info] open_to_close_chain place_order DT_SHORT rb2210 0 0 1
[2023-03-28 20:02:05.316790][0x00008bf0][info] open_to_close_chain place_order DT_LONG rb2210 6 0 1
[2023-03-28 20:02:05.316790][0x00008bf0][info] emg_1_strategy on_entrust : 7126797336293933137 rb2210 49 48 4112.000000 1/1
[2023-03-28 20:02:05.317789][0x00008bf0][info] emg_1_strategy on_entrust : 7126797336293933138 rb2210 49 49 4087.000000 1/1
[2023-03-28 20:02:06.385724][0x00008bf0][info] emg_1_strategy on_cancel : 7126797336293933137 rb2210 49 48 4112.000000 1
[2023-03-28 20:02:06.385724][0x00008bf0][info] emg_1_strategy on_cancel : 7126797336293933138 rb2210 49 49 4087.000000 1
[2023-03-28 20:02:07.356984][0x00008bf0][info] cross day 20220802
[2023-03-28 20:02:07.358036][0x00008bf0][info] trading_section init 20220802 2022-08-01 21:00:02
[2023-03-28 20:02:07.359007][0x00008bf0][info] submit_settlement
[2023-03-28 20:02:07.360007][0x00008bf0][info] trading ready
[2023-03-28 20:02:07.361008][0x00008bf0][info] open_to_close_chain place_order DT_SHORT rb2210 0 0 1
[2023-03-28 20:02:07.362008][0x00008bf0][info] open_to_close_chain place_order DT_LONG rb2210 0 6 3
[2023-03-28 20:02:07.372010][0x00008bf0][info] emg_1_strategy on_entrust : 7126891799804641363 rb2210 49 48 4068.000000 1/1
[2023-03-28 20:02:07.372010][0x00008bf0][info] emg_1_strategy on_entrust : 7126891799804641364 rb2210 49 49 4023.000000 3/3
[2023-03-28 20:02:07.605731][0x00008bf0][info] emg_1_strategy on_trade : 7126891799804641363 rb2210 49 48 4068.000000 1
[2023-03-28 20:02:07.605731][0x00008bf0][info] emg_1_strategy on_cancel : 7126891799804641364 rb2210 49 49 4023.000000 3
[2023-03-28 20:02:07.609745][0x00008bf0][info] open_to_close_chain place_order DT_SHORT rb2210 0 0 1
[2023-03-28 20:02:07.610732][0x00008bf0][info] open_to_close_chain place_order DT_LONG rb2210 1 6 3
[2023-03-28 20:02:07.621390][0x00008bf0][info] emg_1_strategy on_entrust : 7126892070420349013 rb2210 49 48 4080.000000 1/1
[2023-03-28 20:02:07.621390][0x00008bf0][info] emg_1_strategy on_entrust : 7126892070420349014 rb2210 49 49 4037.000000 3/3
[2023-03-28 20:02:08.087782][0x00008bf0][info] emg_1_strategy on_trade : 7126892070420349013 rb2210 49 48 4080.000000 1
[2023-03-28 20:02:08.102786][0x00008bf0][info] emg_1_strategy on_cancel : 7126892070420349014 rb2210 49 49 4037.000000 3
[2023-03-28 20:02:08.102786][0x00008bf0][info] open_to_close_chain place_order DT_SHORT rb2210 0 0 1
[2023-03-28 20:02:08.103778][0x00008bf0][info] open_to_close_chain place_order DT_LONG rb2210 2 6 3
[2023-03-28 20:02:08.103778][0x00008bf0][info] emg_1_strategy on_entrust : 7126892633028296791 rb2210 49 48 4092.000000 1/1
[2023-03-28 20:02:08.104778][0x00008bf0][info] emg_1_strategy on_entrust : 7126892633028296792 rb2210 49 49 4048.000000 3/3
